Using pre-set license
Built from '2020.3/staging' branch; Version is '2020.3.22f1 (e1a7f79fd887) revision 14788599'; Using compiler version '192528614'; Build Type 'Release'
OS: 'Windows 10 Home; OS build 19042.1288; Version 2009; 64bit' Language: 'nl' Physical Memory: 16230 MB
BatchMode: 1, IsHumanControllingUs: 0, StartBugReporterOnCrash: 0, Is64bit: 1, IsPro: 0

COMMAND LINE ARGUMENTS:
D:\Unity\2020.3.22f1\Editor\Unity.exe
-adb2
-batchMode
-noUpm
-name
AssetImportWorker0
-projectPath
D:/School/NutCrackers/AllForOne/AllForOne
-logFile
Logs/AssetImportWorker0.log
-srvPort
59917
Successfully changed project path to: D:/School/NutCrackers/AllForOne/AllForOne
D:/School/NutCrackers/AllForOne/AllForOne
Using Asset Import Pipeline V2.
Refreshing native plugins compatible for Editor in 65.88 ms, found 2 plugins.
Preloading 0 native plugins for Editor in 0.00 ms.
Initialize engine version: 2020.3.22f1 (e1a7f79fd887)
[Subsystems] Discovering subsystems at path D:/Unity/2020.3.22f1/Editor/Data/Resources/UnitySubsystems
[Subsystems] Discovering subsystems at path D:/School/NutCrackers/AllForOne/AllForOne/Assets
GfxDevice: creating device client; threaded=0
Direct3D:
    Version:  Direct3D 11.0 [level 11.1]
    Renderer: NVIDIA GeForce GTX 1050 Ti (ID=0x1c8c)
    Vendor:   
    VRAM:     4021 MB
    Driver:   26.21.14.4108
Initialize mono
Mono path[0] = 'D:/Unity/2020.3.22f1/Editor/Data/Managed'
Mono path[1] = 'D:/Unity/2020.3.22f1/Editor/Data/MonoBleedingEdge/lib/mono/unityjit'
Mono config path = 'D:/Unity/2020.3.22f1/Editor/Data/MonoBleedingEdge/etc'
Using monoOptions --debugger-agent=transport=dt_socket,embedding=1,server=y,suspend=n,address=127.0.0.1:56688
Begin MonoManager ReloadAssembly
Registering precompiled unity dll's ...
Register platform support module: D:/Unity/2020.3.22f1/Editor/Data/PlaybackEngines/WindowsStandaloneSupport/UnityEditor.WindowsStandalone.Extensions.dll
Registered in 0.000952 seconds.
Native extension for WindowsStandalone target not found
Refreshing native plugins compatible for Editor in 31.25 ms, found 2 plugins.
Preloading 0 native plugins for Editor in 0.00 ms.
Mono: successfully reloaded assembly
- Completed reload, in  0.865 seconds
Domain Reload Profiling:
	ReloadAssembly (865ms)
		BeginReloadAssembly (46ms)
			ExecutionOrderSort (0ms)
			DisableScriptedObjects (0ms)
			BackupInstance (0ms)
			ReleaseScriptingObjects (0ms)
			CreateAndSetChildDomain (1ms)
		EndReloadAssembly (414ms)
			LoadAssemblies (45ms)
			RebuildTransferFunctionScriptingTraits (0ms)
			SetupTypeCache (140ms)
			ReleaseScriptCaches (0ms)
			RebuildScriptCaches (30ms)
			SetupLoadedEditorAssemblies (149ms)
				LogAssemblyErrors (0ms)
				InitializePlatformSupportModulesInManaged (3ms)
				SetLoadedEditorAssemblies (0ms)
				RefreshPlugins (31ms)
				BeforeProcessingInitializeOnLoad (16ms)
				ProcessInitializeOnLoadAttributes (73ms)
				ProcessInitializeOnLoadMethodAttributes (26ms)
				AfterProcessingInitializeOnLoad (0ms)
				EditorAssembliesLoaded (0ms)
			ExecutionOrderSort2 (0ms)
			AwakeInstancesAfterBackupRestoration (0ms)
Platform modules already initialized, skipping
Registering precompiled user dll's ...
Registered in 0.002856 seconds.
Begin MonoManager ReloadAssembly
Native extension for WindowsStandalone target not found
Refreshing native plugins compatible for Editor in 0.37 ms, found 2 plugins.
Preloading 0 native plugins for Editor in 0.00 ms.
Mono: successfully reloaded assembly
- Completed reload, in  1.015 seconds
Domain Reload Profiling:
	ReloadAssembly (1015ms)
		BeginReloadAssembly (138ms)
			ExecutionOrderSort (0ms)
			DisableScriptedObjects (6ms)
			BackupInstance (0ms)
			ReleaseScriptingObjects (0ms)
			CreateAndSetChildDomain (17ms)
		EndReloadAssembly (825ms)
			LoadAssemblies (77ms)
			RebuildTransferFunctionScriptingTraits (0ms)
			SetupTypeCache (277ms)
			ReleaseScriptCaches (0ms)
			RebuildScriptCaches (40ms)
			SetupLoadedEditorAssemblies (347ms)
				LogAssemblyErrors (0ms)
				InitializePlatformSupportModulesInManaged (4ms)
				SetLoadedEditorAssemblies (0ms)
				RefreshPlugins (0ms)
				BeforeProcessingInitializeOnLoad (72ms)
				ProcessInitializeOnLoadAttributes (260ms)
				ProcessInitializeOnLoadMethodAttributes (8ms)
				AfterProcessingInitializeOnLoad (2ms)
				EditorAssembliesLoaded (0ms)
			ExecutionOrderSort2 (0ms)
			AwakeInstancesAfterBackupRestoration (6ms)
Platform modules already initialized, skipping
========================================================================
Worker process is ready to serve import requests
Launched and connected shader compiler UnityShaderCompiler.exe after 0.07 seconds
Refreshing native plugins compatible for Editor in 0.38 ms, found 2 plugins.
Preloading 0 native plugins for Editor in 0.00 ms.
Unloading 1862 Unused Serialized files (Serialized files now loaded: 0)
System memory in use before: 89.8 MB.
System memory in use after: 89.9 MB.

Unloading 76 unused Assets to reduce memory usage. Loaded Objects now: 2306.
Total: 3.534300 ms (FindLiveObjects: 0.184600 ms CreateObjectMapping: 0.056900 ms MarkObjects: 3.156600 ms  DeleteObjects: 0.135100 ms)

AssetImportParameters requested are different than current active one (requested -> active):
  custom:framework-win-MediaFoundation: 216162199b28c13a410421893ffa2e32 -> 
  custom:video-decoder-ogg-theora: a1e56fd34408186e4bbccfd4996cb3dc -> 
  custom:container-muxer-webm: aa71ff27fc2769a1b78a27578f13a17b -> 
  custom:container-demuxer-webm: 4f35f7cbe854078d1ac9338744f61a02 -> 
  custom:container-demuxer-ogg: 62fdf1f143b41e24485cea50d1cbac27 -> 
  custom:video-encoder-webm-vp8: eb34c28f22e8b96e1ab97ce403110664 -> 
  custom:video-decoder-webm-vp8: 9c59270c3fd7afecdb556c50c9e8de78 -> 
  custom:audio-decoder-ogg-vorbis: bf7c407c2cedff20999df2af8eb42d56 -> 
  custom:audio-encoder-webm-vorbis: bf7c407c2cedff20999df2af8eb42d56 -> 
========================================================================
Received Import Request.
  path: Assets/texture/Es2qecYVEAEBVcH.jpg
  artifactKey: Guid(4d02f80cb7ed87c4b959221e7a70ab14) Importer(815301076,1909f56bfc062723c751e8b465ee728b)
Start importing Assets/texture/Es2qecYVEAEBVcH.jpg using Guid(4d02f80cb7ed87c4b959221e7a70ab14) Importer(815301076,1909f56bfc062723c751e8b465ee728b)  -> (artifact id: '9b4d6e0fd25d1786b4fba3a3e16085de') in 0.121919 seconds 
  Import took 0.124505 seconds .

========================================================================
Received Import Request.
  Time since last request: 0.000312 seconds.
  path: Assets/texture/Grass_005_BaseColor.jpg
  artifactKey: Guid(be84f4958e7b20a469badac55c887234) Importer(815301076,1909f56bfc062723c751e8b465ee728b)
Start importing Assets/texture/Grass_005_BaseColor.jpg using Guid(be84f4958e7b20a469badac55c887234) Importer(815301076,1909f56bfc062723c751e8b465ee728b)  -> (artifact id: 'f0dddb90e30fe5bd0231391d914a7c2d') in 0.016624 seconds 
  Import took 0.019194 seconds .

========================================================================
Received Import Request.
  Time since last request: 0.000336 seconds.
  path: Assets/texture/Material_1617.jpg
  artifactKey: Guid(63e31ea4ceb55df4ea9e0078cc6fdc26) Importer(815301076,1909f56bfc062723c751e8b465ee728b)
Start importing Assets/texture/Material_1617.jpg using Guid(63e31ea4ceb55df4ea9e0078cc6fdc26) Importer(815301076,1909f56bfc062723c751e8b465ee728b)  -> (artifact id: '7a476f222f0300ee1a690e565795990e') in 0.023348 seconds 
  Import took 0.026238 seconds .

========================================================================
Received Import Request.
  Time since last request: 0.000305 seconds.
  path: Assets/texture/Ground_Wet_Rocks_002_normal.jpg
  artifactKey: Guid(a519e432649a4df439f27e79fab668e8) Importer(815301076,1909f56bfc062723c751e8b465ee728b)
Start importing Assets/texture/Ground_Wet_Rocks_002_normal.jpg using Guid(a519e432649a4df439f27e79fab668e8) Importer(815301076,1909f56bfc062723c751e8b465ee728b)  -> (artifact id: 'af3ecf51ad733ba905f02b4b93f7b81f') in 0.270209 seconds 
  Import took 0.272966 seconds .

========================================================================
Received Import Request.
  Time since last request: 0.000302 seconds.
  path: Assets/texture/Ground_Wet_Rocks_002_roughness.jpg
  artifactKey: Guid(769f1b863a6ab604e93869fba4c48c83) Importer(815301076,1909f56bfc062723c751e8b465ee728b)
Start importing Assets/texture/Ground_Wet_Rocks_002_roughness.jpg using Guid(769f1b863a6ab604e93869fba4c48c83) Importer(815301076,1909f56bfc062723c751e8b465ee728b)  -> (artifact id: 'a0ab53fc5dd63a3cf980a123f0b13cd7') in 0.013461 seconds 
  Import took 0.016171 seconds .

========================================================================
Received Import Request.
  Time since last request: 0.000328 seconds.
  path: Assets/texture/Ground_Wet_Rocks_002_ambientOcclusion.jpg
  artifactKey: Guid(088960c3a3018cc40bd01ae4c5e4afe9) Importer(815301076,1909f56bfc062723c751e8b465ee728b)
Start importing Assets/texture/Ground_Wet_Rocks_002_ambientOcclusion.jpg using Guid(088960c3a3018cc40bd01ae4c5e4afe9) Importer(815301076,1909f56bfc062723c751e8b465ee728b)  -> (artifact id: '81a03174dd2d9a302b38fe543d6b22fb') in 0.026872 seconds 
  Import took 0.030204 seconds .

========================================================================
Received Import Request.
  Time since last request: 0.000386 seconds.
  path: Assets/texture/Ground_Wet_Rocks_002_height.png
  artifactKey: Guid(9287b7c1d2f03444287554483d59bdb9) Importer(815301076,1909f56bfc062723c751e8b465ee728b)
Start importing Assets/texture/Ground_Wet_Rocks_002_height.png using Guid(9287b7c1d2f03444287554483d59bdb9) Importer(815301076,1909f56bfc062723c751e8b465ee728b)  -> (artifact id: '40eed385ff07312fa52f6f81d3e21d22') in 0.051408 seconds 
  Import took 0.054263 seconds .

========================================================================
Received Import Request.
  Time since last request: 0.000316 seconds.
  path: Assets/texture/Grass_005_AmbientOcclusion.jpg
  artifactKey: Guid(196dbe7c6c49a02478d5726c7180d0ae) Importer(815301076,1909f56bfc062723c751e8b465ee728b)
Start importing Assets/texture/Grass_005_AmbientOcclusion.jpg using Guid(196dbe7c6c49a02478d5726c7180d0ae) Importer(815301076,1909f56bfc062723c751e8b465ee728b)  -> (artifact id: 'f813a2ee09184a21d6aca5a2ae1e6523') in 0.011236 seconds 
  Import took 0.014909 seconds .

========================================================================
Received Import Request.
  Time since last request: 0.000316 seconds.
  path: Assets/texture/Grass_005_Height.png
  artifactKey: Guid(35f45e45f7a8bf64893973e1762539a8) Importer(815301076,1909f56bfc062723c751e8b465ee728b)
Start importing Assets/texture/Grass_005_Height.png using Guid(35f45e45f7a8bf64893973e1762539a8) Importer(815301076,1909f56bfc062723c751e8b465ee728b)  -> (artifact id: '59d71b173d319d1683ed7f28d52b288e') in 0.014391 seconds 
  Import took 0.017570 seconds .

========================================================================
Received Import Request.
  Time since last request: 0.000230 seconds.
  path: Assets/texture/Grass_005_Normal.jpg
  artifactKey: Guid(18236758a5b0ee24da1286b1a5d7efc0) Importer(815301076,1909f56bfc062723c751e8b465ee728b)
Start importing Assets/texture/Grass_005_Normal.jpg using Guid(18236758a5b0ee24da1286b1a5d7efc0) Importer(815301076,1909f56bfc062723c751e8b465ee728b)  -> (artifact id: 'e2a1347e3ac65fdd32f3a1f0741a4aa0') in 0.012306 seconds 
  Import took 0.016482 seconds .

========================================================================
Received Import Request.
  Time since last request: 0.000296 seconds.
  path: Assets/texture/Ground_Wet_Rocks_002_basecolor.jpg
  artifactKey: Guid(70af7a427e086f042adccc368ba2e71a) Importer(815301076,1909f56bfc062723c751e8b465ee728b)
Start importing Assets/texture/Ground_Wet_Rocks_002_basecolor.jpg using Guid(70af7a427e086f042adccc368ba2e71a) Importer(815301076,1909f56bfc062723c751e8b465ee728b)  -> (artifact id: '5d1def18c48c456ca5b5b63713bada83') in 0.013100 seconds 
  Import took 0.018011 seconds .

========================================================================
Received Import Request.
  Time since last request: 0.000327 seconds.
  path: Assets/texture/Grass_005_Roughness.jpg
  artifactKey: Guid(36698dcba9f457945bd49d750917281f) Importer(815301076,1909f56bfc062723c751e8b465ee728b)
Start importing Assets/texture/Grass_005_Roughness.jpg using Guid(36698dcba9f457945bd49d750917281f) Importer(815301076,1909f56bfc062723c751e8b465ee728b)  -> (artifact id: 'd38eb71dc567a03b84bc812ded0c2aaf') in 0.009968 seconds 
  Import took 0.012863 seconds .

========================================================================
Received Import Request.
  Time since last request: 0.000196 seconds.
  path: Assets/texture/Material_1669.jpg
  artifactKey: Guid(a6f510c6a309a0f478dfd39d29955f22) Importer(815301076,1909f56bfc062723c751e8b465ee728b)
Start importing Assets/texture/Material_1669.jpg using Guid(a6f510c6a309a0f478dfd39d29955f22) Importer(815301076,1909f56bfc062723c751e8b465ee728b)  -> (artifact id: 'a566e0623bb2f228386463c157dba32b') in 0.011243 seconds 
  Import took 0.014928 seconds .

========================================================================
Received Import Request.
  Time since last request: 0.000292 seconds.
  path: Assets/texture/SkyBox.mat
  artifactKey: Guid(3fd6b68903a0e6344aa4e4c7e3a4cc2b) Importer(815301076,1909f56bfc062723c751e8b465ee728b)
Start importing Assets/texture/SkyBox.mat using Guid(3fd6b68903a0e6344aa4e4c7e3a4cc2b) Importer(815301076,1909f56bfc062723c751e8b465ee728b)  -> (artifact id: 'd49f78e2e79e89ddd1bc27482981f80d') in 1.114061 seconds 
  Import took 1.116940 seconds .

========================================================================
Received Prepare
Registering precompiled user dll's ...
Registered in 0.002832 seconds.
Begin MonoManager ReloadAssembly
Native extension for WindowsStandalone target not found
Refreshing native plugins compatible for Editor in 0.48 ms, found 2 plugins.
Preloading 0 native plugins for Editor in 0.00 ms.
Mono: successfully reloaded assembly
- Completed reload, in  0.939 seconds
Domain Reload Profiling:
	ReloadAssembly (940ms)
		BeginReloadAssembly (100ms)
			ExecutionOrderSort (0ms)
			DisableScriptedObjects (3ms)
			BackupInstance (0ms)
			ReleaseScriptingObjects (0ms)
			CreateAndSetChildDomain (32ms)
		EndReloadAssembly (785ms)
			LoadAssemblies (73ms)
			RebuildTransferFunctionScriptingTraits (0ms)
			SetupTypeCache (257ms)
			ReleaseScriptCaches (1ms)
			RebuildScriptCaches (40ms)
			SetupLoadedEditorAssemblies (325ms)
				LogAssemblyErrors (0ms)
				InitializePlatformSupportModulesInManaged (5ms)
				SetLoadedEditorAssemblies (1ms)
				RefreshPlugins (1ms)
				BeforeProcessingInitializeOnLoad (71ms)
				ProcessInitializeOnLoadAttributes (238ms)
				ProcessInitializeOnLoadMethodAttributes (7ms)
				AfterProcessingInitializeOnLoad (2ms)
				EditorAssembliesLoaded (0ms)
			ExecutionOrderSort2 (0ms)
			AwakeInstancesAfterBackupRestoration (6ms)
Platform modules already initialized, skipping
Refreshing native plugins compatible for Editor in 0.40 ms, found 2 plugins.
Preloading 0 native plugins for Editor in 0.00 ms.
Unloading 1833 Unused Serialized files (Serialized files now loaded: 0)
System memory in use before: 90.7 MB.
System memory in use after: 90.8 MB.

Unloading 71 unused Assets to reduce memory usage. Loaded Objects now: 2352.
Total: 3.588900 ms (FindLiveObjects: 0.177400 ms CreateObjectMapping: 0.054200 ms MarkObjects: 3.275700 ms  DeleteObjects: 0.080700 ms)

AssetImportParameters requested are different than current active one (requested -> active):
  custom:framework-win-MediaFoundation: 216162199b28c13a410421893ffa2e32 -> 
  custom:video-decoder-ogg-theora: a1e56fd34408186e4bbccfd4996cb3dc -> 
  custom:container-muxer-webm: aa71ff27fc2769a1b78a27578f13a17b -> 
  custom:container-demuxer-webm: 4f35f7cbe854078d1ac9338744f61a02 -> 
  custom:container-demuxer-ogg: 62fdf1f143b41e24485cea50d1cbac27 -> 
  custom:video-encoder-webm-vp8: eb34c28f22e8b96e1ab97ce403110664 -> 
  custom:video-decoder-webm-vp8: 9c59270c3fd7afecdb556c50c9e8de78 -> 
  custom:audio-decoder-ogg-vorbis: bf7c407c2cedff20999df2af8eb42d56 -> 
  custom:audio-encoder-webm-vorbis: bf7c407c2cedff20999df2af8eb42d56 -> 
========================================================================
Received Import Request.
  Time since last request: 157.599368 seconds.
  path: Assets/texture/SkyBox.mat
  artifactKey: Guid(3fd6b68903a0e6344aa4e4c7e3a4cc2b) Importer(815301076,1909f56bfc062723c751e8b465ee728b)
Start importing Assets/texture/SkyBox.mat using Guid(3fd6b68903a0e6344aa4e4c7e3a4cc2b) Importer(815301076,1909f56bfc062723c751e8b465ee728b)  -> (artifact id: '178d33956dc304f852c404ee138bf4fd') in 0.047491 seconds 
  Import took 0.050127 seconds .

========================================================================
Received Import Request.
  Time since last request: 19.607775 seconds.
  path: Assets/Prefabs/Unit.prefab
  artifactKey: Guid(31f62862de0cf374d87132c4c577f9ef) Importer(815301076,1909f56bfc062723c751e8b465ee728b)
Start importing Assets/Prefabs/Unit.prefab using Guid(31f62862de0cf374d87132c4c577f9ef) Importer(815301076,1909f56bfc062723c751e8b465ee728b)  -> (artifact id: '6fce3a083537aa3901b6191740a024dc') in 0.099148 seconds 
  Import took 0.102027 seconds .

========================================================================
Received Import Request.
  Time since last request: 5.436391 seconds.
  path: Assets/Scripts/SpawnedUnit.cs
  artifactKey: Guid(0abe9930bfa6de743881ccf577ea4fe4) Importer(815301076,1909f56bfc062723c751e8b465ee728b)
Start importing Assets/Scripts/SpawnedUnit.cs using Guid(0abe9930bfa6de743881ccf577ea4fe4) Importer(815301076,1909f56bfc062723c751e8b465ee728b)  -> (artifact id: '736d1dfd54e64322843f8b738dbe9084') in 0.021704 seconds 
  Import took 0.024395 seconds .

========================================================================
Received Prepare
Registering precompiled user dll's ...
Registered in 0.002842 seconds.
Begin MonoManager ReloadAssembly
Native extension for WindowsStandalone target not found
Refreshing native plugins compatible for Editor in 0.38 ms, found 2 plugins.
Preloading 0 native plugins for Editor in 0.00 ms.
Mono: successfully reloaded assembly
- Completed reload, in  0.983 seconds
Domain Reload Profiling:
	ReloadAssembly (983ms)
		BeginReloadAssembly (108ms)
			ExecutionOrderSort (0ms)
			DisableScriptedObjects (4ms)
			BackupInstance (0ms)
			ReleaseScriptingObjects (0ms)
			CreateAndSetChildDomain (34ms)
		EndReloadAssembly (822ms)
			LoadAssemblies (79ms)
			RebuildTransferFunctionScriptingTraits (0ms)
			SetupTypeCache (290ms)
			ReleaseScriptCaches (1ms)
			RebuildScriptCaches (42ms)
			SetupLoadedEditorAssemblies (327ms)
				LogAssemblyErrors (0ms)
				InitializePlatformSupportModulesInManaged (4ms)
				SetLoadedEditorAssemblies (0ms)
				RefreshPlugins (0ms)
				BeforeProcessingInitializeOnLoad (70ms)
				ProcessInitializeOnLoadAttributes (241ms)
				ProcessInitializeOnLoadMethodAttributes (8ms)
				AfterProcessingInitializeOnLoad (2ms)
				EditorAssembliesLoaded (0ms)
			ExecutionOrderSort2 (0ms)
			AwakeInstancesAfterBackupRestoration (6ms)
Platform modules already initialized, skipping
Refreshing native plugins compatible for Editor in 0.39 ms, found 2 plugins.
Preloading 0 native plugins for Editor in 0.00 ms.
Unloading 1833 Unused Serialized files (Serialized files now loaded: 0)
System memory in use before: 90.8 MB.
System memory in use after: 90.9 MB.

Unloading 72 unused Assets to reduce memory usage. Loaded Objects now: 2356.
Total: 3.853600 ms (FindLiveObjects: 0.195600 ms CreateObjectMapping: 0.075300 ms MarkObjects: 3.484700 ms  DeleteObjects: 0.097000 ms)

AssetImportParameters requested are different than current active one (requested -> active):
  custom:framework-win-MediaFoundation: 216162199b28c13a410421893ffa2e32 -> 
  custom:video-decoder-ogg-theora: a1e56fd34408186e4bbccfd4996cb3dc -> 
  custom:container-muxer-webm: aa71ff27fc2769a1b78a27578f13a17b -> 
  custom:container-demuxer-webm: 4f35f7cbe854078d1ac9338744f61a02 -> 
  custom:container-demuxer-ogg: 62fdf1f143b41e24485cea50d1cbac27 -> 
  custom:video-encoder-webm-vp8: eb34c28f22e8b96e1ab97ce403110664 -> 
  custom:video-decoder-webm-vp8: 9c59270c3fd7afecdb556c50c9e8de78 -> 
  custom:audio-decoder-ogg-vorbis: bf7c407c2cedff20999df2af8eb42d56 -> 
  custom:audio-encoder-webm-vorbis: bf7c407c2cedff20999df2af8eb42d56 -> 
========================================================================
Received Import Request.
  Time since last request: 37.700466 seconds.
  path: Assets/Scripts/SpawnedUnit.cs
  artifactKey: Guid(0abe9930bfa6de743881ccf577ea4fe4) Importer(815301076,1909f56bfc062723c751e8b465ee728b)
Start importing Assets/Scripts/SpawnedUnit.cs using Guid(0abe9930bfa6de743881ccf577ea4fe4) Importer(815301076,1909f56bfc062723c751e8b465ee728b)  -> (artifact id: '9fb65120f52ac8974525cf5d0c59ae14') in 0.004223 seconds 
  Import took 0.006862 seconds .

========================================================================
Received Prepare
Registering precompiled user dll's ...
Registered in 0.003238 seconds.
Begin MonoManager ReloadAssembly
Native extension for WindowsStandalone target not found
Refreshing native plugins compatible for Editor in 0.40 ms, found 2 plugins.
Preloading 0 native plugins for Editor in 0.00 ms.
Mono: successfully reloaded assembly
- Completed reload, in  0.997 seconds
Domain Reload Profiling:
	ReloadAssembly (998ms)
		BeginReloadAssembly (109ms)
			ExecutionOrderSort (0ms)
			DisableScriptedObjects (4ms)
			BackupInstance (0ms)
			ReleaseScriptingObjects (0ms)
			CreateAndSetChildDomain (31ms)
		EndReloadAssembly (837ms)
			LoadAssemblies (82ms)
			RebuildTransferFunctionScriptingTraits (0ms)
			SetupTypeCache (260ms)
			ReleaseScriptCaches (1ms)
			RebuildScriptCaches (41ms)
			SetupLoadedEditorAssemblies (358ms)
				LogAssemblyErrors (0ms)
				InitializePlatformSupportModulesInManaged (4ms)
				SetLoadedEditorAssemblies (0ms)
				RefreshPlugins (0ms)
				BeforeProcessingInitializeOnLoad (78ms)
				ProcessInitializeOnLoadAttributes (265ms)
				ProcessInitializeOnLoadMethodAttributes (8ms)
				AfterProcessingInitializeOnLoad (2ms)
				EditorAssembliesLoaded (0ms)
			ExecutionOrderSort2 (0ms)
			AwakeInstancesAfterBackupRestoration (6ms)
Platform modules already initialized, skipping
Refreshing native plugins compatible for Editor in 0.37 ms, found 2 plugins.
Preloading 0 native plugins for Editor in 0.00 ms.
Unloading 1833 Unused Serialized files (Serialized files now loaded: 0)
System memory in use before: 90.8 MB.
System memory in use after: 90.9 MB.

Unloading 71 unused Assets to reduce memory usage. Loaded Objects now: 2358.
Total: 3.783800 ms (FindLiveObjects: 0.221900 ms CreateObjectMapping: 0.085900 ms MarkObjects: 3.352000 ms  DeleteObjects: 0.122600 ms)

AssetImportParameters requested are different than current active one (requested -> active):
  custom:framework-win-MediaFoundation: 216162199b28c13a410421893ffa2e32 -> 
  custom:video-decoder-ogg-theora: a1e56fd34408186e4bbccfd4996cb3dc -> 
  custom:container-muxer-webm: aa71ff27fc2769a1b78a27578f13a17b -> 
  custom:container-demuxer-webm: 4f35f7cbe854078d1ac9338744f61a02 -> 
  custom:container-demuxer-ogg: 62fdf1f143b41e24485cea50d1cbac27 -> 
  custom:video-encoder-webm-vp8: eb34c28f22e8b96e1ab97ce403110664 -> 
  custom:video-decoder-webm-vp8: 9c59270c3fd7afecdb556c50c9e8de78 -> 
  custom:audio-decoder-ogg-vorbis: bf7c407c2cedff20999df2af8eb42d56 -> 
  custom:audio-encoder-webm-vorbis: bf7c407c2cedff20999df2af8eb42d56 -> 
AssetImportWorkerClient::OnTransportError - code=2 error=End of file
